<?xml version="1.0" encoding="UTF-8"?>
<testng-results ignored="3" total="4" passed="1" failed="0" skipped="0">
  <reporter-output>
  </reporter-output>
  <suite started-at="2024-10-28T14:48:21Z" name="Suite" finished-at="2024-10-28T14:48:21Z" duration-ms="73">
    <groups>
      <group name="smokeTest">
        <method signature="ContactTest.modifyContactTest()[pri:0, instance:pac1.ContactTest@710c2b53]" name="modifyContactTest" class="pac1.ContactTest"/>
      </group> <!-- smokeTest -->
    </groups>
    <test started-at="2024-10-28T14:48:21Z" name="Test" finished-at="2024-10-28T14:48:21Z" duration-ms="73">
      <class name="pac1.ContactTest">
        <test-method signature="modifyContactTest()[pri:0, instance:pac1.ContactTest@710c2b53]" started-at="2024-10-28T14:48:21Z" name="modifyContactTest" finished-at="2024-10-28T14:48:21Z" duration-ms="22" status="PASS">
          <reporter-output>
          </reporter-output>
        </test-method> <!-- modifyContactTest -->
      </class> <!-- pac1.ContactTest -->
    </test> <!-- Test -->
  </suite> <!-- Suite -->
</testng-results>
