<?xml version="1.0" encoding="UTF-8"?>
<!-- Generated by org.testng.reporters.JUnitXMLReporter -->
<testsuite ignored="3" hostname="TYSS-Piyush-Baldaniya" failures="0" tests="1" name="Test" time="0.073" errors="0" timestamp="28 Oct 2024 14:48:21 GMT">
  <testcase classname="pac1.ContactTest" name="modifyContactTest" time="0.022"/>
  <testcase classname="pac2.OrgTest" name="createOrgTest" time="0.0">
    <ignored/>
  </testcase> <!-- createOrgTest -->
  <testcase classname="pac2.OrgTest" name="modifyOrgTest" time="0.0">
    <ignored/>
  </testcase> <!-- modifyOrgTest -->
  <testcase classname="pac1.ContactTest" name="createContactTest" time="0.0">
    <ignored/>
  </testcase> <!-- createContactTest -->
</testsuite> <!-- Test -->
